<?xml version="1.0" encoding="UTF-8"?>
<!-- Generated by org.testng.reporters.JUnitXMLReporter -->
<testsuite ignored="0" hostname="Prudhvirajs-MacBook-Air.local" failures="1" tests="3" name="Error Validation Test" time="20.058" errors="0" timestamp="2024-01-30T20:18:33 EST">
  <testcase classname="SeleniumFramworkTest.ErrorValidationTest" name="productErrorValidation" time="3.563"/>
  <testcase classname="SeleniumFramworkTest.ErrorValidationTest" name="submitOrder" time="1.039">
    <skipped/>
  </testcase> <!-- submitOrder -->
  <testcase classname="SeleniumFramworkTest.ErrorValidationTest" name="submitOrder" time="0.512">
    <failure type="java.lang.AssertionError" message="expected [Incorrect email or password.] but found [Incorrect email  password.]">
      <![CDATA[java.lang.AssertionError: expected [Incorrect email or password.] but found [Incorrect email  password.]
at SeleniumFramworkTest.ErrorValidationTest.submitOrder(ErrorValidationTest.java:36)
at java.base/java.util.ArrayList.forEach(ArrayList.java:1511)
at java.base/java.util.concurrent.FutureTask.run(FutureTask.java:264)
at java.base/java.util.concurrent.ThreadPoolExecutor.runWorker(ThreadPoolExecutor.java:1136)
at java.base/java.util.concurrent.ThreadPoolExecutor$Worker.run(ThreadPoolExecutor.java:635)
at java.base/java.lang.Thread.run(Thread.java:840)
... Removed 24 stack frames]]>
    </failure>
  </testcase> <!-- submitOrder -->
</testsuite> <!-- Error Validation Test -->
